2023-06-18 16:32:40,153 - __main__ - INFO - Elapsed time for scrape_financial_news_from_cnbc: 13.709060907363892 s
2023-06-18 16:32:43,606 - __main__ - INFO - Elapsed time for get_stock_prices_alphaVantage_api: 3.453474998474121 s
2023-06-18 16:32:43,790 - __main__ - INFO - Elapsed time for categorize_polarity: 9.5367431640625e-07 s
2023-06-18 16:32:43,790 - __main__ - INFO - Elapsed time for categorize_polarity: 1.1920928955078125e-06 s
2023-06-18 16:32:43,790 - __main__ - INFO - Elapsed time for categorize_polarity: 1.1920928955078125e-06 s
2023-06-18 16:32:43,790 - __main__ - INFO - Elapsed time for categorize_polarity: 0.0 s
2023-06-18 16:32:43,790 - __main__ - INFO - Elapsed time for categorize_polarity: 1.1920928955078125e-06 s
2023-06-18 16:32:43,790 - __main__ - INFO - Elapsed time for categorize_polarity: 1.1920928955078125e-06 s
2023-06-18 16:32:43,790 - __main__ - INFO - Elapsed time for categorize_polarity: 0.0 s
2023-06-18 16:32:43,790 - __main__ - INFO - Elapsed time for categorize_polarity: 9.5367431640625e-07 s
2023-06-18 16:32:43,790 - __main__ - INFO - Elapsed time for categorize_polarity: 0.0 s
2023-06-18 16:32:43,790 - __main__ - INFO - Elapsed time for categorize_polarity: 0.0 s
2023-06-18 16:32:43,790 - __main__ - INFO - Elapsed time for categorize_polarity: 0.0 s
2023-06-18 16:32:43,790 - __main__ - INFO - Elapsed time for categorize_polarity: 9.5367431640625e-07 s
2023-06-18 16:32:43,791 - __main__ - INFO - Elapsed time for categorize_polarity: 0.0 s
2023-06-18 16:32:43,791 - __main__ - INFO - Elapsed time for categorize_polarity: 9.5367431640625e-07 s
2023-06-18 16:32:43,791 - __main__ - INFO - Elapsed time for categorize_polarity: 7.152557373046875e-07 s
2023-06-18 16:32:43,791 - __main__ - INFO - Elapsed time for categorize_polarity: 0.0 s
2023-06-18 16:32:43,791 - __main__ - INFO - Elapsed time for categorize_polarity: 0.0 s
2023-06-18 16:32:43,791 - __main__ - INFO - Elapsed time for categorize_polarity: 0.0 s
2023-06-18 16:32:43,791 - __main__ - INFO - Elapsed time for categorize_polarity: 0.0 s
2023-06-18 16:32:43,791 - __main__ - INFO - Elapsed time for categorize_polarity: 0.0 s
2023-06-18 16:32:43,791 - __main__ - INFO - Elapsed time for categorize_polarity: 9.5367431640625e-07 s
2023-06-18 16:32:43,791 - __main__ - INFO - Elapsed time for categorize_polarity: 1.1920928955078125e-06 s
2023-06-18 16:32:43,791 - __main__ - INFO - Elapsed time for categorize_polarity: 1.1920928955078125e-06 s
2023-06-18 16:32:43,791 - __main__ - INFO - Elapsed time for categorize_polarity: 1.1920928955078125e-06 s
2023-06-18 16:32:43,791 - __main__ - INFO - Elapsed time for categorize_polarity: 0.0 s
2023-06-18 16:32:43,791 - __main__ - INFO - Elapsed time for categorize_polarity: 0.0 s
2023-06-18 16:32:43,791 - __main__ - INFO - Elapsed time for categorize_polarity: 0.0 s
2023-06-18 16:32:43,791 - __main__ - INFO - Elapsed time for categorize_polarity: 0.0 s
2023-06-18 16:32:43,791 - __main__ - INFO - Elapsed time for categorize_polarity: 0.0 s
2023-06-18 16:32:43,791 - __main__ - INFO - Elapsed time for categorize_polarity: 0.0 s
2023-06-18 16:32:43,791 - __main__ - INFO - Elapsed time for categorize_polarity: 9.5367431640625e-07 s
2023-06-18 16:32:43,791 - __main__ - INFO - Elapsed time for categorize_polarity: 0.0 s
2023-06-18 16:32:43,791 - __main__ - INFO - Elapsed time for categorize_polarity: 1.1920928955078125e-06 s
2023-06-18 16:32:43,791 - __main__ - INFO - Elapsed time for categorize_polarity: 0.0 s
2023-06-18 16:32:43,791 - __main__ - INFO - Elapsed time for categorize_polarity: 0.0 s
2023-06-18 16:32:43,791 - __main__ - INFO - Elapsed time for categorize_polarity: 0.0 s
2023-06-18 16:32:43,791 - __main__ - INFO - Elapsed time for categorize_polarity: 9.5367431640625e-07 s
2023-06-18 16:32:43,791 - __main__ - INFO - Elapsed time for categorize_polarity: 9.5367431640625e-07 s
2023-06-18 16:32:43,791 - __main__ - INFO - Elapsed time for categorize_polarity: 0.0 s
2023-06-18 16:32:43,791 - __main__ - INFO - Elapsed time for categorize_polarity: 0.0 s
2023-06-18 16:32:43,792 - __main__ - INFO - Elapsed time for categorize_polarity: 0.0 s
2023-06-18 16:32:43,792 - __main__ - INFO - Elapsed time for categorize_polarity: 0.0 s
2023-06-18 16:32:43,792 - __main__ - INFO - Elapsed time for categorize_polarity: 0.0 s
2023-06-18 16:32:43,792 - __main__ - INFO - Elapsed time for categorize_polarity: 7.152557373046875e-07 s
2023-06-18 16:32:43,792 - __main__ - INFO - Elapsed time for categorize_polarity: 0.0 s
2023-06-18 16:32:43,792 - __main__ - INFO - Elapsed time for categorize_polarity: 0.0 s
2023-06-18 16:32:43,792 - __main__ - INFO - Elapsed time for categorize_polarity: 0.0 s
2023-06-18 16:32:43,792 - __main__ - INFO - Elapsed time for categorize_polarity: 0.0 s
2023-06-18 16:32:43,792 - __main__ - INFO - Elapsed time for categorize_polarity: 0.0 s
2023-06-18 16:32:43,792 - __main__ - INFO - Elapsed time for categorize_polarity: 0.0 s
2023-06-18 16:32:43,792 - __main__ - INFO - Elapsed time for categorize_polarity: 0.0 s
2023-06-18 16:32:43,792 - __main__ - INFO - Elapsed time for categorize_polarity: 9.5367431640625e-07 s
2023-06-18 16:32:43,792 - __main__ - INFO - Elapsed time for categorize_polarity: 0.0 s
2023-06-18 16:32:43,792 - __main__ - INFO - Elapsed time for categorize_polarity: 0.0 s
2023-06-18 16:32:43,792 - __main__ - INFO - Elapsed time for categorize_polarity: 0.0 s
2023-06-18 16:32:43,792 - __main__ - INFO - Elapsed time for categorize_polarity: 0.0 s
2023-06-18 16:32:43,792 - __main__ - INFO - Elapsed time for categorize_polarity: 0.0 s
2023-06-18 16:32:43,792 - __main__ - INFO - Elapsed time for categorize_polarity: 9.5367431640625e-07 s
2023-06-18 16:32:43,792 - __main__ - INFO - Elapsed time for categorize_polarity: 0.0 s
2023-06-18 16:32:43,792 - __main__ - INFO - Elapsed time for categorize_polarity: 0.0 s
2023-06-18 16:32:43,792 - __main__ - INFO - Elapsed time for categorize_polarity: 0.0 s
2023-06-18 16:32:43,792 - __main__ - INFO - Elapsed time for categorize_polarity: 0.0 s
2023-06-18 16:32:43,792 - __main__ - INFO - Elapsed time for categorize_polarity: 0.0 s
2023-06-18 16:32:43,793 - __main__ - INFO - Elapsed time for analyze_sentiment: 0.18642377853393555 s
2023-06-18 16:32:43,833 - __main__ - INFO - Elapsed time for extract_relevant_words: 0.04035782814025879 s
2023-06-18 16:32:59,925 - __main__ - INFO - Elapsed time for translate_headlines: 16.091387033462524 s
2023-06-18 16:32:59,938 - __main__ - INFO - Elapsed time for save_data: 0.012148857116699219 s
2023-06-18 16:32:59,959 - __main__ - INFO - Elapsed time for save_data: 0.0208740234375 s
2023-06-18 16:32:59,969 - __main__ - INFO - Elapsed time for load_data: 0.010221004486083984 s
2023-06-18 16:32:59,970 - __main__ - INFO - ETL finished successfully
2023-06-19 16:03:04,015 - __main__ - INFO - Elapsed time for scrape_financial_news_from_cnbc: 11.287391662597656 s
2023-06-19 16:03:07,549 - __main__ - INFO - Elapsed time for get_stock_prices_alphaVantage_api: 3.533979892730713 s
2023-06-19 16:03:07,743 - __main__ - INFO - Elapsed time for categorize_polarity: 1.9073486328125e-06 s
2023-06-19 16:03:07,743 - __main__ - INFO - Elapsed time for categorize_polarity: 1.1920928955078125e-06 s
2023-06-19 16:03:07,743 - __main__ - INFO - Elapsed time for categorize_polarity: 0.0 s
2023-06-19 16:03:07,743 - __main__ - INFO - Elapsed time for categorize_polarity: 9.5367431640625e-07 s
2023-06-19 16:03:07,743 - __main__ - INFO - Elapsed time for categorize_polarity: 9.5367431640625e-07 s
2023-06-19 16:03:07,743 - __main__ - INFO - Elapsed time for categorize_polarity: 0.0 s
2023-06-19 16:03:07,743 - __main__ - INFO - Elapsed time for categorize_polarity: 0.0 s
2023-06-19 16:03:07,743 - __main__ - INFO - Elapsed time for categorize_polarity: 9.5367431640625e-07 s
2023-06-19 16:03:07,744 - __main__ - INFO - Elapsed time for categorize_polarity: 1.1920928955078125e-06 s
2023-06-19 16:03:07,744 - __main__ - INFO - Elapsed time for categorize_polarity: 9.5367431640625e-07 s
2023-06-19 16:03:07,744 - __main__ - INFO - Elapsed time for categorize_polarity: 0.0 s
2023-06-19 16:03:07,744 - __main__ - INFO - Elapsed time for categorize_polarity: 9.5367431640625e-07 s
2023-06-19 16:03:07,744 - __main__ - INFO - Elapsed time for categorize_polarity: 9.5367431640625e-07 s
2023-06-19 16:03:07,744 - __main__ - INFO - Elapsed time for categorize_polarity: 0.0 s
2023-06-19 16:03:07,744 - __main__ - INFO - Elapsed time for categorize_polarity: 9.5367431640625e-07 s
2023-06-19 16:03:07,744 - __main__ - INFO - Elapsed time for categorize_polarity: 0.0 s
2023-06-19 16:03:07,744 - __main__ - INFO - Elapsed time for categorize_polarity: 0.0 s
2023-06-19 16:03:07,744 - __main__ - INFO - Elapsed time for categorize_polarity: 0.0 s
2023-06-19 16:03:07,744 - __main__ - INFO - Elapsed time for categorize_polarity: 1.1920928955078125e-06 s
2023-06-19 16:03:07,744 - __main__ - INFO - Elapsed time for categorize_polarity: 9.5367431640625e-07 s
2023-06-19 16:03:07,744 - __main__ - INFO - Elapsed time for categorize_polarity: 0.0 s
2023-06-19 16:03:07,744 - __main__ - INFO - Elapsed time for categorize_polarity: 9.5367431640625e-07 s
2023-06-19 16:03:07,744 - __main__ - INFO - Elapsed time for categorize_polarity: 0.0 s
2023-06-19 16:03:07,744 - __main__ - INFO - Elapsed time for categorize_polarity: 9.5367431640625e-07 s
2023-06-19 16:03:07,744 - __main__ - INFO - Elapsed time for categorize_polarity: 0.0 s
2023-06-19 16:03:07,744 - __main__ - INFO - Elapsed time for categorize_polarity: 0.0 s
2023-06-19 16:03:07,744 - __main__ - INFO - Elapsed time for categorize_polarity: 0.0 s
2023-06-19 16:03:07,744 - __main__ - INFO - Elapsed time for categorize_polarity: 0.0 s
2023-06-19 16:03:07,744 - __main__ - INFO - Elapsed time for categorize_polarity: 0.0 s
2023-06-19 16:03:07,744 - __main__ - INFO - Elapsed time for categorize_polarity: 0.0 s
2023-06-19 16:03:07,744 - __main__ - INFO - Elapsed time for categorize_polarity: 0.0 s
2023-06-19 16:03:07,744 - __main__ - INFO - Elapsed time for categorize_polarity: 0.0 s
2023-06-19 16:03:07,744 - __main__ - INFO - Elapsed time for categorize_polarity: 0.0 s
2023-06-19 16:03:07,744 - __main__ - INFO - Elapsed time for categorize_polarity: 0.0 s
2023-06-19 16:03:07,745 - __main__ - INFO - Elapsed time for categorize_polarity: 0.0 s
2023-06-19 16:03:07,745 - __main__ - INFO - Elapsed time for categorize_polarity: 0.0 s
2023-06-19 16:03:07,745 - __main__ - INFO - Elapsed time for categorize_polarity: 0.0 s
2023-06-19 16:03:07,745 - __main__ - INFO - Elapsed time for categorize_polarity: 0.0 s
2023-06-19 16:03:07,745 - __main__ - INFO - Elapsed time for categorize_polarity: 0.0 s
2023-06-19 16:03:07,745 - __main__ - INFO - Elapsed time for categorize_polarity: 0.0 s
2023-06-19 16:03:07,745 - __main__ - INFO - Elapsed time for categorize_polarity: 0.0 s
2023-06-19 16:03:07,745 - __main__ - INFO - Elapsed time for categorize_polarity: 0.0 s
2023-06-19 16:03:07,745 - __main__ - INFO - Elapsed time for categorize_polarity: 0.0 s
2023-06-19 16:03:07,745 - __main__ - INFO - Elapsed time for categorize_polarity: 0.0 s
2023-06-19 16:03:07,745 - __main__ - INFO - Elapsed time for categorize_polarity: 0.0 s
2023-06-19 16:03:07,745 - __main__ - INFO - Elapsed time for categorize_polarity: 0.0 s
2023-06-19 16:03:07,745 - __main__ - INFO - Elapsed time for categorize_polarity: 0.0 s
2023-06-19 16:03:07,745 - __main__ - INFO - Elapsed time for categorize_polarity: 0.0 s
2023-06-19 16:03:07,745 - __main__ - INFO - Elapsed time for categorize_polarity: 0.0 s
2023-06-19 16:03:07,745 - __main__ - INFO - Elapsed time for categorize_polarity: 0.0 s
2023-06-19 16:03:07,745 - __main__ - INFO - Elapsed time for categorize_polarity: 0.0 s
2023-06-19 16:03:07,745 - __main__ - INFO - Elapsed time for categorize_polarity: 0.0 s
2023-06-19 16:03:07,745 - __main__ - INFO - Elapsed time for categorize_polarity: 0.0 s
2023-06-19 16:03:07,745 - __main__ - INFO - Elapsed time for categorize_polarity: 0.0 s
2023-06-19 16:03:07,745 - __main__ - INFO - Elapsed time for categorize_polarity: 0.0 s
2023-06-19 16:03:07,745 - __main__ - INFO - Elapsed time for categorize_polarity: 9.5367431640625e-07 s
2023-06-19 16:03:07,745 - __main__ - INFO - Elapsed time for categorize_polarity: 0.0 s
2023-06-19 16:03:07,745 - __main__ - INFO - Elapsed time for categorize_polarity: 0.0 s
2023-06-19 16:03:07,745 - __main__ - INFO - Elapsed time for categorize_polarity: 0.0 s
2023-06-19 16:03:07,745 - __main__ - INFO - Elapsed time for categorize_polarity: 0.0 s
2023-06-19 16:03:07,745 - __main__ - INFO - Elapsed time for categorize_polarity: 0.0 s
2023-06-19 16:03:07,745 - __main__ - INFO - Elapsed time for categorize_polarity: 0.0 s
2023-06-19 16:03:07,745 - __main__ - INFO - Elapsed time for categorize_polarity: 0.0 s
2023-06-19 16:03:07,746 - __main__ - INFO - Elapsed time for analyze_sentiment: 0.1967480182647705 s
2023-06-19 16:03:07,786 - __main__ - INFO - Elapsed time for extract_relevant_words: 0.04040074348449707 s
2023-06-19 16:03:27,742 - __main__ - INFO - Elapsed time for translate_headlines: 19.9550199508667 s
2023-06-19 16:03:27,761 - __main__ - INFO - Elapsed time for save_data: 0.018420934677124023 s
2023-06-19 16:03:27,779 - __main__ - INFO - Elapsed time for save_data: 0.018154144287109375 s
2023-06-19 16:03:27,792 - __main__ - INFO - Elapsed time for load_data: 0.012573003768920898 s
2023-06-19 16:03:27,792 - __main__ - ERROR - An error occurred when loading data into Google Cloud SQL: 'NoneType' object has no attribute '_instantiate_plugins'
2023-06-19 16:03:27,792 - __main__ - INFO - Elapsed time for load_data_to_gcloud_sql: 0.000186920166015625 s
2023-06-19 16:03:27,793 - __main__ - INFO - ETL finished successfully
2023-06-19 16:34:40,288 - __main__ - INFO - Elapsed time for scrape_financial_news_from_cnbc: 11.545462131500244 s
2023-06-19 16:34:44,193 - __main__ - INFO - Elapsed time for get_stock_prices_alphaVantage_api: 3.9048800468444824 s
2023-06-19 16:34:44,371 - __main__ - INFO - Elapsed time for categorize_polarity: 5.507469177246094e-05 s
2023-06-19 16:34:44,371 - __main__ - INFO - Elapsed time for categorize_polarity: 0.0 s
2023-06-19 16:34:44,371 - __main__ - INFO - Elapsed time for categorize_polarity: 0.0 s
2023-06-19 16:34:44,371 - __main__ - INFO - Elapsed time for categorize_polarity: 1.1920928955078125e-06 s
2023-06-19 16:34:44,371 - __main__ - INFO - Elapsed time for categorize_polarity: 1.1920928955078125e-06 s
2023-06-19 16:34:44,371 - __main__ - INFO - Elapsed time for categorize_polarity: 0.0 s
2023-06-19 16:34:44,371 - __main__ - INFO - Elapsed time for categorize_polarity: 9.5367431640625e-07 s
2023-06-19 16:34:44,371 - __main__ - INFO - Elapsed time for categorize_polarity: 7.152557373046875e-07 s
2023-06-19 16:34:44,371 - __main__ - INFO - Elapsed time for categorize_polarity: 0.0 s
2023-06-19 16:34:44,371 - __main__ - INFO - Elapsed time for categorize_polarity: 9.5367431640625e-07 s
2023-06-19 16:34:44,371 - __main__ - INFO - Elapsed time for categorize_polarity: 0.0 s
2023-06-19 16:34:44,371 - __main__ - INFO - Elapsed time for categorize_polarity: 9.5367431640625e-07 s
2023-06-19 16:34:44,371 - __main__ - INFO - Elapsed time for categorize_polarity: 9.5367431640625e-07 s
2023-06-19 16:34:44,371 - __main__ - INFO - Elapsed time for categorize_polarity: 9.5367431640625e-07 s
2023-06-19 16:34:44,371 - __main__ - INFO - Elapsed time for categorize_polarity: 0.0 s
2023-06-19 16:34:44,371 - __main__ - INFO - Elapsed time for categorize_polarity: 0.0 s
2023-06-19 16:34:44,371 - __main__ - INFO - Elapsed time for categorize_polarity: 0.0 s
2023-06-19 16:34:44,371 - __main__ - INFO - Elapsed time for categorize_polarity: 1.1920928955078125e-06 s
2023-06-19 16:34:44,371 - __main__ - INFO - Elapsed time for categorize_polarity: 0.0 s
2023-06-19 16:34:44,372 - __main__ - INFO - Elapsed time for categorize_polarity: 0.0 s
2023-06-19 16:34:44,372 - __main__ - INFO - Elapsed time for categorize_polarity: 0.0 s
2023-06-19 16:34:44,372 - __main__ - INFO - Elapsed time for categorize_polarity: 0.0 s
2023-06-19 16:34:44,372 - __main__ - INFO - Elapsed time for categorize_polarity: 0.0 s
2023-06-19 16:34:44,372 - __main__ - INFO - Elapsed time for categorize_polarity: 0.0 s
2023-06-19 16:34:44,372 - __main__ - INFO - Elapsed time for categorize_polarity: 1.1920928955078125e-06 s
2023-06-19 16:34:44,372 - __main__ - INFO - Elapsed time for categorize_polarity: 0.0 s
2023-06-19 16:34:44,372 - __main__ - INFO - Elapsed time for categorize_polarity: 0.0 s
2023-06-19 16:34:44,372 - __main__ - INFO - Elapsed time for categorize_polarity: 0.0 s
2023-06-19 16:34:44,372 - __main__ - INFO - Elapsed time for categorize_polarity: 1.1920928955078125e-06 s
2023-06-19 16:34:44,372 - __main__ - INFO - Elapsed time for categorize_polarity: 9.5367431640625e-07 s
2023-06-19 16:34:44,372 - __main__ - INFO - Elapsed time for categorize_polarity: 0.0 s
2023-06-19 16:34:44,372 - __main__ - INFO - Elapsed time for categorize_polarity: 0.0 s
2023-06-19 16:34:44,372 - __main__ - INFO - Elapsed time for categorize_polarity: 0.0 s
2023-06-19 16:34:44,372 - __main__ - INFO - Elapsed time for categorize_polarity: 0.0 s
2023-06-19 16:34:44,372 - __main__ - INFO - Elapsed time for categorize_polarity: 0.0 s
2023-06-19 16:34:44,372 - __main__ - INFO - Elapsed time for categorize_polarity: 0.0 s
2023-06-19 16:34:44,372 - __main__ - INFO - Elapsed time for categorize_polarity: 9.5367431640625e-07 s
2023-06-19 16:34:44,372 - __main__ - INFO - Elapsed time for categorize_polarity: 0.0 s
2023-06-19 16:34:44,372 - __main__ - INFO - Elapsed time for categorize_polarity: 0.0 s
2023-06-19 16:34:44,372 - __main__ - INFO - Elapsed time for categorize_polarity: 0.0 s
2023-06-19 16:34:44,372 - __main__ - INFO - Elapsed time for categorize_polarity: 9.5367431640625e-07 s
2023-06-19 16:34:44,372 - __main__ - INFO - Elapsed time for categorize_polarity: 0.0 s
2023-06-19 16:34:44,372 - __main__ - INFO - Elapsed time for categorize_polarity: 0.0 s
2023-06-19 16:34:44,372 - __main__ - INFO - Elapsed time for categorize_polarity: 0.0 s
2023-06-19 16:34:44,372 - __main__ - INFO - Elapsed time for categorize_polarity: 0.0 s
2023-06-19 16:34:44,372 - __main__ - INFO - Elapsed time for categorize_polarity: 0.0 s
2023-06-19 16:34:44,372 - __main__ - INFO - Elapsed time for categorize_polarity: 0.0 s
2023-06-19 16:34:44,372 - __main__ - INFO - Elapsed time for categorize_polarity: 9.5367431640625e-07 s
2023-06-19 16:34:44,372 - __main__ - INFO - Elapsed time for categorize_polarity: 0.0 s
2023-06-19 16:34:44,373 - __main__ - INFO - Elapsed time for categorize_polarity: 0.0 s
2023-06-19 16:34:44,373 - __main__ - INFO - Elapsed time for categorize_polarity: 0.0 s
2023-06-19 16:34:44,373 - __main__ - INFO - Elapsed time for categorize_polarity: 0.0 s
2023-06-19 16:34:44,373 - __main__ - INFO - Elapsed time for categorize_polarity: 1.1920928955078125e-06 s
2023-06-19 16:34:44,373 - __main__ - INFO - Elapsed time for categorize_polarity: 0.0 s
2023-06-19 16:34:44,373 - __main__ - INFO - Elapsed time for categorize_polarity: 0.0 s
2023-06-19 16:34:44,373 - __main__ - INFO - Elapsed time for categorize_polarity: 9.5367431640625e-07 s
2023-06-19 16:34:44,373 - __main__ - INFO - Elapsed time for categorize_polarity: 1.1920928955078125e-06 s
2023-06-19 16:34:44,373 - __main__ - INFO - Elapsed time for categorize_polarity: 0.0 s
2023-06-19 16:34:44,373 - __main__ - INFO - Elapsed time for categorize_polarity: 0.0 s
2023-06-19 16:34:44,373 - __main__ - INFO - Elapsed time for categorize_polarity: 0.0 s
2023-06-19 16:34:44,373 - __main__ - INFO - Elapsed time for categorize_polarity: 0.0 s
2023-06-19 16:34:44,373 - __main__ - INFO - Elapsed time for categorize_polarity: 0.0 s
2023-06-19 16:34:44,373 - __main__ - INFO - Elapsed time for categorize_polarity: 0.0 s
2023-06-19 16:34:44,373 - __main__ - INFO - Elapsed time for analyze_sentiment: 0.17992186546325684 s
2023-06-19 16:34:44,414 - __main__ - INFO - Elapsed time for extract_relevant_words: 0.04009890556335449 s
2023-06-19 16:35:01,402 - __main__ - INFO - Elapsed time for translate_headlines: 16.988536834716797 s
2023-06-19 16:35:01,411 - __main__ - INFO - Elapsed time for save_data: 0.007642030715942383 s
2023-06-19 16:35:01,429 - __main__ - INFO - Elapsed time for save_data: 0.017232894897460938 s
2023-06-19 16:35:01,438 - __main__ - INFO - Elapsed time for load_data: 0.009440183639526367 s
2023-06-19 16:35:01,438 - __main__ - ERROR - An error occurred when loading data into Google Cloud SQL: 'NoneType' object has no attribute '_instantiate_plugins'
2023-06-19 16:35:01,438 - __main__ - INFO - Elapsed time for load_data_to_gcloud_sql: 0.00013899803161621094 s
2023-06-19 16:35:01,439 - __main__ - INFO - ETL finished successfully
2023-06-19 17:05:12,594 - __main__ - INFO - Elapsed time for scrape_financial_news_from_cnbc: 11.742574691772461 s
2023-06-19 17:05:16,818 - __main__ - INFO - Elapsed time for get_stock_prices_alphaVantage_api: 4.223299980163574 s
2023-06-19 17:05:16,998 - __main__ - INFO - Elapsed time for categorize_polarity: 2.1457672119140625e-06 s
2023-06-19 17:05:16,998 - __main__ - INFO - Elapsed time for categorize_polarity: 0.0 s
2023-06-19 17:05:16,998 - __main__ - INFO - Elapsed time for categorize_polarity: 7.152557373046875e-07 s
2023-06-19 17:05:16,998 - __main__ - INFO - Elapsed time for categorize_polarity: 0.0 s
2023-06-19 17:05:16,998 - __main__ - INFO - Elapsed time for categorize_polarity: 0.0 s
2023-06-19 17:05:16,998 - __main__ - INFO - Elapsed time for categorize_polarity: 1.1920928955078125e-06 s
2023-06-19 17:05:16,998 - __main__ - INFO - Elapsed time for categorize_polarity: 1.1920928955078125e-06 s
2023-06-19 17:05:16,998 - __main__ - INFO - Elapsed time for categorize_polarity: 9.5367431640625e-07 s
2023-06-19 17:05:16,998 - __main__ - INFO - Elapsed time for categorize_polarity: 0.0 s
2023-06-19 17:05:16,998 - __main__ - INFO - Elapsed time for categorize_polarity: 7.152557373046875e-07 s
2023-06-19 17:05:16,998 - __main__ - INFO - Elapsed time for categorize_polarity: 0.0 s
2023-06-19 17:05:16,998 - __main__ - INFO - Elapsed time for categorize_polarity: 0.0 s
2023-06-19 17:05:16,998 - __main__ - INFO - Elapsed time for categorize_polarity: 9.5367431640625e-07 s
2023-06-19 17:05:16,998 - __main__ - INFO - Elapsed time for categorize_polarity: 0.0 s
2023-06-19 17:05:16,998 - __main__ - INFO - Elapsed time for categorize_polarity: 0.0 s
2023-06-19 17:05:16,999 - __main__ - INFO - Elapsed time for categorize_polarity: 0.0 s
2023-06-19 17:05:16,999 - __main__ - INFO - Elapsed time for categorize_polarity: 0.0 s
2023-06-19 17:05:16,999 - __main__ - INFO - Elapsed time for categorize_polarity: 0.0 s
2023-06-19 17:05:16,999 - __main__ - INFO - Elapsed time for categorize_polarity: 0.0 s
2023-06-19 17:05:16,999 - __main__ - INFO - Elapsed time for categorize_polarity: 0.0 s
2023-06-19 17:05:16,999 - __main__ - INFO - Elapsed time for categorize_polarity: 0.0 s
2023-06-19 17:05:16,999 - __main__ - INFO - Elapsed time for categorize_polarity: 0.0 s
2023-06-19 17:05:16,999 - __main__ - INFO - Elapsed time for categorize_polarity: 0.0 s
2023-06-19 17:05:16,999 - __main__ - INFO - Elapsed time for categorize_polarity: 0.0 s
2023-06-19 17:05:16,999 - __main__ - INFO - Elapsed time for categorize_polarity: 0.0 s
2023-06-19 17:05:16,999 - __main__ - INFO - Elapsed time for categorize_polarity: 9.5367431640625e-07 s
2023-06-19 17:05:16,999 - __main__ - INFO - Elapsed time for categorize_polarity: 9.5367431640625e-07 s
2023-06-19 17:05:16,999 - __main__ - INFO - Elapsed time for categorize_polarity: 0.0 s
2023-06-19 17:05:16,999 - __main__ - INFO - Elapsed time for categorize_polarity: 0.0 s
2023-06-19 17:05:16,999 - __main__ - INFO - Elapsed time for categorize_polarity: 7.152557373046875e-07 s
2023-06-19 17:05:16,999 - __main__ - INFO - Elapsed time for categorize_polarity: 0.0 s
2023-06-19 17:05:16,999 - __main__ - INFO - Elapsed time for categorize_polarity: 0.0 s
2023-06-19 17:05:16,999 - __main__ - INFO - Elapsed time for categorize_polarity: 9.5367431640625e-07 s
2023-06-19 17:05:16,999 - __main__ - INFO - Elapsed time for categorize_polarity: 0.0 s
2023-06-19 17:05:16,999 - __main__ - INFO - Elapsed time for categorize_polarity: 0.0 s
2023-06-19 17:05:16,999 - __main__ - INFO - Elapsed time for categorize_polarity: 0.0 s
2023-06-19 17:05:16,999 - __main__ - INFO - Elapsed time for categorize_polarity: 0.0 s
2023-06-19 17:05:16,999 - __main__ - INFO - Elapsed time for categorize_polarity: 0.0 s
2023-06-19 17:05:16,999 - __main__ - INFO - Elapsed time for categorize_polarity: 7.152557373046875e-07 s
2023-06-19 17:05:16,999 - __main__ - INFO - Elapsed time for categorize_polarity: 9.5367431640625e-07 s
2023-06-19 17:05:16,999 - __main__ - INFO - Elapsed time for categorize_polarity: 0.0 s
2023-06-19 17:05:16,999 - __main__ - INFO - Elapsed time for categorize_polarity: 0.0 s
2023-06-19 17:05:16,999 - __main__ - INFO - Elapsed time for categorize_polarity: 0.0 s
2023-06-19 17:05:16,999 - __main__ - INFO - Elapsed time for categorize_polarity: 0.0 s
2023-06-19 17:05:17,000 - __main__ - INFO - Elapsed time for categorize_polarity: 0.0 s
2023-06-19 17:05:17,000 - __main__ - INFO - Elapsed time for categorize_polarity: 0.0 s
2023-06-19 17:05:17,000 - __main__ - INFO - Elapsed time for categorize_polarity: 0.0 s
2023-06-19 17:05:17,000 - __main__ - INFO - Elapsed time for categorize_polarity: 0.0 s
2023-06-19 17:05:17,000 - __main__ - INFO - Elapsed time for categorize_polarity: 0.0 s
2023-06-19 17:05:17,000 - __main__ - INFO - Elapsed time for categorize_polarity: 0.0 s
2023-06-19 17:05:17,000 - __main__ - INFO - Elapsed time for categorize_polarity: 0.0 s
2023-06-19 17:05:17,000 - __main__ - INFO - Elapsed time for categorize_polarity: 0.0 s
2023-06-19 17:05:17,000 - __main__ - INFO - Elapsed time for categorize_polarity: 0.0 s
2023-06-19 17:05:17,000 - __main__ - INFO - Elapsed time for categorize_polarity: 0.0 s
2023-06-19 17:05:17,000 - __main__ - INFO - Elapsed time for categorize_polarity: 7.152557373046875e-07 s
2023-06-19 17:05:17,000 - __main__ - INFO - Elapsed time for categorize_polarity: 0.0 s
2023-06-19 17:05:17,000 - __main__ - INFO - Elapsed time for categorize_polarity: 0.0 s
2023-06-19 17:05:17,000 - __main__ - INFO - Elapsed time for categorize_polarity: 9.5367431640625e-07 s
2023-06-19 17:05:17,000 - __main__ - INFO - Elapsed time for categorize_polarity: 0.0 s
2023-06-19 17:05:17,000 - __main__ - INFO - Elapsed time for categorize_polarity: 0.0 s
2023-06-19 17:05:17,000 - __main__ - INFO - Elapsed time for categorize_polarity: 0.0 s
2023-06-19 17:05:17,000 - __main__ - INFO - Elapsed time for categorize_polarity: 0.0 s
2023-06-19 17:05:17,000 - __main__ - INFO - Elapsed time for categorize_polarity: 0.0 s
2023-06-19 17:05:17,001 - __main__ - INFO - Elapsed time for analyze_sentiment: 0.1813061237335205 s
2023-06-19 17:05:17,040 - __main__ - INFO - Elapsed time for extract_relevant_words: 0.03891110420227051 s
2023-06-19 17:05:35,472 - __main__ - INFO - Elapsed time for translate_headlines: 18.43264102935791 s
2023-06-19 17:05:35,484 - __main__ - INFO - Elapsed time for save_data: 0.011254072189331055 s
2023-06-19 17:05:35,507 - __main__ - INFO - Elapsed time for save_data: 0.022115230560302734 s
2023-06-19 17:05:35,516 - __main__ - INFO - Elapsed time for load_data: 0.009432077407836914 s
2023-06-19 17:05:35,516 - __main__ - ERROR - An error occurred when loading data into Google Cloud SQL: 'NoneType' object has no attribute '_instantiate_plugins'
2023-06-19 17:05:35,516 - __main__ - INFO - Elapsed time for load_data_to_gcloud_sql: 0.00013589859008789062 s
2023-06-19 17:05:35,517 - __main__ - INFO - ETL finished successfully
2023-06-19 18:22:05,999 - __main__ - INFO - Elapsed time for scrape_financial_news_from_cnbc: 11.667111873626709 s
2023-06-19 18:22:14,317 - __main__ - INFO - Elapsed time for get_stock_prices_alphaVantage_api: 8.316888093948364 s
2023-06-19 18:22:14,554 - __main__ - INFO - Elapsed time for categorize_polarity: 1.9073486328125e-06 s
2023-06-19 18:22:14,554 - __main__ - INFO - Elapsed time for categorize_polarity: 1.1920928955078125e-06 s
2023-06-19 18:22:14,554 - __main__ - INFO - Elapsed time for categorize_polarity: 1.1920928955078125e-06 s
2023-06-19 18:22:14,554 - __main__ - INFO - Elapsed time for categorize_polarity: 0.0 s
2023-06-19 18:22:14,554 - __main__ - INFO - Elapsed time for categorize_polarity: 7.152557373046875e-07 s
2023-06-19 18:22:14,554 - __main__ - INFO - Elapsed time for categorize_polarity: 0.0 s
2023-06-19 18:22:14,554 - __main__ - INFO - Elapsed time for categorize_polarity: 0.0 s
2023-06-19 18:22:14,554 - __main__ - INFO - Elapsed time for categorize_polarity: 9.5367431640625e-07 s
2023-06-19 18:22:14,554 - __main__ - INFO - Elapsed time for categorize_polarity: 9.5367431640625e-07 s
2023-06-19 18:22:14,554 - __main__ - INFO - Elapsed time for categorize_polarity: 9.5367431640625e-07 s
2023-06-19 18:22:14,554 - __main__ - INFO - Elapsed time for categorize_polarity: 9.5367431640625e-07 s
2023-06-19 18:22:14,554 - __main__ - INFO - Elapsed time for categorize_polarity: 9.5367431640625e-07 s
2023-06-19 18:22:14,554 - __main__ - INFO - Elapsed time for categorize_polarity: 9.5367431640625e-07 s
2023-06-19 18:22:14,554 - __main__ - INFO - Elapsed time for categorize_polarity: 0.0 s
2023-06-19 18:22:14,554 - __main__ - INFO - Elapsed time for categorize_polarity: 9.5367431640625e-07 s
2023-06-19 18:22:14,554 - __main__ - INFO - Elapsed time for categorize_polarity: 0.0 s
2023-06-19 18:22:14,554 - __main__ - INFO - Elapsed time for categorize_polarity: 9.5367431640625e-07 s
2023-06-19 18:22:14,555 - __main__ - INFO - Elapsed time for categorize_polarity: 9.5367431640625e-07 s
2023-06-19 18:22:14,555 - __main__ - INFO - Elapsed time for categorize_polarity: 0.0 s
2023-06-19 18:22:14,555 - __main__ - INFO - Elapsed time for categorize_polarity: 0.0 s
2023-06-19 18:22:14,555 - __main__ - INFO - Elapsed time for categorize_polarity: 0.0 s
2023-06-19 18:22:14,555 - __main__ - INFO - Elapsed time for categorize_polarity: 1.1920928955078125e-06 s
2023-06-19 18:22:14,555 - __main__ - INFO - Elapsed time for categorize_polarity: 0.0 s
2023-06-19 18:22:14,555 - __main__ - INFO - Elapsed time for categorize_polarity: 0.0 s
2023-06-19 18:22:14,555 - __main__ - INFO - Elapsed time for categorize_polarity: 0.0 s
2023-06-19 18:22:14,555 - __main__ - INFO - Elapsed time for categorize_polarity: 0.0 s
2023-06-19 18:22:14,555 - __main__ - INFO - Elapsed time for categorize_polarity: 0.0 s
2023-06-19 18:22:14,555 - __main__ - INFO - Elapsed time for categorize_polarity: 0.0 s
2023-06-19 18:22:14,555 - __main__ - INFO - Elapsed time for categorize_polarity: 0.0 s
2023-06-19 18:22:14,555 - __main__ - INFO - Elapsed time for categorize_polarity: 0.0 s
2023-06-19 18:22:14,555 - __main__ - INFO - Elapsed time for categorize_polarity: 9.5367431640625e-07 s
2023-06-19 18:22:14,555 - __main__ - INFO - Elapsed time for categorize_polarity: 0.0 s
2023-06-19 18:22:14,555 - __main__ - INFO - Elapsed time for categorize_polarity: 0.0 s
2023-06-19 18:22:14,555 - __main__ - INFO - Elapsed time for categorize_polarity: 9.5367431640625e-07 s
2023-06-19 18:22:14,555 - __main__ - INFO - Elapsed time for categorize_polarity: 1.1920928955078125e-06 s
2023-06-19 18:22:14,555 - __main__ - INFO - Elapsed time for categorize_polarity: 0.0 s
2023-06-19 18:22:14,555 - __main__ - INFO - Elapsed time for categorize_polarity: 0.0 s
2023-06-19 18:22:14,555 - __main__ - INFO - Elapsed time for categorize_polarity: 0.0 s
2023-06-19 18:22:14,555 - __main__ - INFO - Elapsed time for categorize_polarity: 0.0 s
2023-06-19 18:22:14,555 - __main__ - INFO - Elapsed time for categorize_polarity: 0.0 s
2023-06-19 18:22:14,555 - __main__ - INFO - Elapsed time for categorize_polarity: 9.5367431640625e-07 s
2023-06-19 18:22:14,555 - __main__ - INFO - Elapsed time for categorize_polarity: 0.0 s
2023-06-19 18:22:14,555 - __main__ - INFO - Elapsed time for categorize_polarity: 0.0 s
2023-06-19 18:22:14,555 - __main__ - INFO - Elapsed time for categorize_polarity: 0.0 s
2023-06-19 18:22:14,555 - __main__ - INFO - Elapsed time for categorize_polarity: 0.0 s
2023-06-19 18:22:14,555 - __main__ - INFO - Elapsed time for categorize_polarity: 0.0 s
2023-06-19 18:22:14,556 - __main__ - INFO - Elapsed time for categorize_polarity: 0.0 s
2023-06-19 18:22:14,556 - __main__ - INFO - Elapsed time for categorize_polarity: 0.0 s
2023-06-19 18:22:14,556 - __main__ - INFO - Elapsed time for categorize_polarity: 0.0 s
2023-06-19 18:22:14,556 - __main__ - INFO - Elapsed time for categorize_polarity: 0.0 s
2023-06-19 18:22:14,556 - __main__ - INFO - Elapsed time for categorize_polarity: 0.0 s
2023-06-19 18:22:14,556 - __main__ - INFO - Elapsed time for categorize_polarity: 9.5367431640625e-07 s
2023-06-19 18:22:14,556 - __main__ - INFO - Elapsed time for categorize_polarity: 0.0 s
2023-06-19 18:22:14,556 - __main__ - INFO - Elapsed time for categorize_polarity: 0.0 s
2023-06-19 18:22:14,556 - __main__ - INFO - Elapsed time for categorize_polarity: 1.1920928955078125e-06 s
2023-06-19 18:22:14,556 - __main__ - INFO - Elapsed time for categorize_polarity: 0.0 s
2023-06-19 18:22:14,556 - __main__ - INFO - Elapsed time for categorize_polarity: 1.1920928955078125e-06 s
2023-06-19 18:22:14,556 - __main__ - INFO - Elapsed time for categorize_polarity: 0.0 s
2023-06-19 18:22:14,556 - __main__ - INFO - Elapsed time for categorize_polarity: 0.0 s
2023-06-19 18:22:14,556 - __main__ - INFO - Elapsed time for categorize_polarity: 0.0 s
2023-06-19 18:22:14,556 - __main__ - INFO - Elapsed time for categorize_polarity: 9.5367431640625e-07 s
2023-06-19 18:22:14,556 - __main__ - INFO - Elapsed time for categorize_polarity: 9.5367431640625e-07 s
2023-06-19 18:22:14,556 - __main__ - INFO - Elapsed time for categorize_polarity: 0.0 s
2023-06-19 18:22:14,557 - __main__ - INFO - Elapsed time for analyze_sentiment: 0.2398369312286377 s
2023-06-19 18:22:14,596 - __main__ - INFO - Elapsed time for extract_relevant_words: 0.03917098045349121 s
2023-06-19 18:22:32,572 - __main__ - INFO - Elapsed time for translate_headlines: 17.976030111312866 s
2023-06-19 18:22:32,582 - __main__ - INFO - Elapsed time for save_data: 0.009323835372924805 s
2023-06-19 18:22:32,600 - __main__ - INFO - Elapsed time for save_data: 0.017682313919067383 s
2023-06-19 18:22:32,610 - __main__ - INFO - Elapsed time for load_data: 0.009781122207641602 s
2023-06-19 18:22:32,610 - __main__ - ERROR - An error occurred in main: 'FinancialDataAggregator' object has no attribute 'connect_with_connector'
2023-06-19 18:22:32,610 - __main__ - INFO - ETL finished successfully
2023-06-19 18:23:51,690 - __main__ - INFO - Elapsed time for scrape_financial_news_from_cnbc: 11.29554009437561 s
2023-06-19 18:23:56,100 - __main__ - INFO - Elapsed time for get_stock_prices_alphaVantage_api: 4.410259962081909 s
2023-06-19 18:23:56,329 - __main__ - INFO - Elapsed time for categorize_polarity: 2.1457672119140625e-06 s
2023-06-19 18:23:56,329 - __main__ - INFO - Elapsed time for categorize_polarity: 0.0 s
2023-06-19 18:23:56,329 - __main__ - INFO - Elapsed time for categorize_polarity: 0.0 s
2023-06-19 18:23:56,330 - __main__ - INFO - Elapsed time for categorize_polarity: 1.1920928955078125e-06 s
2023-06-19 18:23:56,330 - __main__ - INFO - Elapsed time for categorize_polarity: 1.1920928955078125e-06 s
2023-06-19 18:23:56,330 - __main__ - INFO - Elapsed time for categorize_polarity: 0.0 s
2023-06-19 18:23:56,330 - __main__ - INFO - Elapsed time for categorize_polarity: 0.0 s
2023-06-19 18:23:56,330 - __main__ - INFO - Elapsed time for categorize_polarity: 1.1920928955078125e-06 s
2023-06-19 18:23:56,330 - __main__ - INFO - Elapsed time for categorize_polarity: 1.1920928955078125e-06 s
2023-06-19 18:23:56,330 - __main__ - INFO - Elapsed time for categorize_polarity: 7.152557373046875e-07 s
2023-06-19 18:23:56,330 - __main__ - INFO - Elapsed time for categorize_polarity: 0.0 s
2023-06-19 18:23:56,330 - __main__ - INFO - Elapsed time for categorize_polarity: 0.0 s
2023-06-19 18:23:56,330 - __main__ - INFO - Elapsed time for categorize_polarity: 0.0 s
2023-06-19 18:23:56,330 - __main__ - INFO - Elapsed time for categorize_polarity: 0.0 s
2023-06-19 18:23:56,330 - __main__ - INFO - Elapsed time for categorize_polarity: 9.5367431640625e-07 s
2023-06-19 18:23:56,330 - __main__ - INFO - Elapsed time for categorize_polarity: 0.0 s
2023-06-19 18:23:56,330 - __main__ - INFO - Elapsed time for categorize_polarity: 9.5367431640625e-07 s
2023-06-19 18:23:56,330 - __main__ - INFO - Elapsed time for categorize_polarity: 9.5367431640625e-07 s
2023-06-19 18:23:56,330 - __main__ - INFO - Elapsed time for categorize_polarity: 0.0 s
2023-06-19 18:23:56,330 - __main__ - INFO - Elapsed time for categorize_polarity: 0.0 s
2023-06-19 18:23:56,330 - __main__ - INFO - Elapsed time for categorize_polarity: 0.0 s
2023-06-19 18:23:56,330 - __main__ - INFO - Elapsed time for categorize_polarity: 9.5367431640625e-07 s
2023-06-19 18:23:56,330 - __main__ - INFO - Elapsed time for categorize_polarity: 0.0 s
2023-06-19 18:23:56,330 - __main__ - INFO - Elapsed time for categorize_polarity: 0.0 s
2023-06-19 18:23:56,330 - __main__ - INFO - Elapsed time for categorize_polarity: 0.0 s
2023-06-19 18:23:56,330 - __main__ - INFO - Elapsed time for categorize_polarity: 9.5367431640625e-07 s
2023-06-19 18:23:56,330 - __main__ - INFO - Elapsed time for categorize_polarity: 0.0 s
2023-06-19 18:23:56,330 - __main__ - INFO - Elapsed time for categorize_polarity: 9.5367431640625e-07 s
2023-06-19 18:23:56,330 - __main__ - INFO - Elapsed time for categorize_polarity: 0.0 s
2023-06-19 18:23:56,330 - __main__ - INFO - Elapsed time for categorize_polarity: 9.5367431640625e-07 s
2023-06-19 18:23:56,331 - __main__ - INFO - Elapsed time for categorize_polarity: 0.0 s
2023-06-19 18:23:56,331 - __main__ - INFO - Elapsed time for categorize_polarity: 9.5367431640625e-07 s
2023-06-19 18:23:56,331 - __main__ - INFO - Elapsed time for categorize_polarity: 0.0 s
2023-06-19 18:23:56,331 - __main__ - INFO - Elapsed time for categorize_polarity: 0.0 s
2023-06-19 18:23:56,331 - __main__ - INFO - Elapsed time for categorize_polarity: 0.0 s
2023-06-19 18:23:56,331 - __main__ - INFO - Elapsed time for categorize_polarity: 0.0 s
2023-06-19 18:23:56,331 - __main__ - INFO - Elapsed time for categorize_polarity: 7.152557373046875e-07 s
2023-06-19 18:23:56,331 - __main__ - INFO - Elapsed time for categorize_polarity: 0.0 s
2023-06-19 18:23:56,331 - __main__ - INFO - Elapsed time for categorize_polarity: 0.0 s
2023-06-19 18:23:56,331 - __main__ - INFO - Elapsed time for categorize_polarity: 9.5367431640625e-07 s
2023-06-19 18:23:56,331 - __main__ - INFO - Elapsed time for categorize_polarity: 0.0 s
2023-06-19 18:23:56,331 - __main__ - INFO - Elapsed time for categorize_polarity: 9.5367431640625e-07 s
2023-06-19 18:23:56,331 - __main__ - INFO - Elapsed time for categorize_polarity: 0.0 s
2023-06-19 18:23:56,331 - __main__ - INFO - Elapsed time for categorize_polarity: 0.0 s
2023-06-19 18:23:56,331 - __main__ - INFO - Elapsed time for categorize_polarity: 0.0 s
2023-06-19 18:23:56,331 - __main__ - INFO - Elapsed time for categorize_polarity: 0.0 s
2023-06-19 18:23:56,331 - __main__ - INFO - Elapsed time for categorize_polarity: 0.0 s
2023-06-19 18:23:56,331 - __main__ - INFO - Elapsed time for categorize_polarity: 0.0 s
2023-06-19 18:23:56,331 - __main__ - INFO - Elapsed time for categorize_polarity: 0.0 s
2023-06-19 18:23:56,331 - __main__ - INFO - Elapsed time for categorize_polarity: 0.0 s
2023-06-19 18:23:56,331 - __main__ - INFO - Elapsed time for categorize_polarity: 0.0 s
2023-06-19 18:23:56,331 - __main__ - INFO - Elapsed time for categorize_polarity: 1.1920928955078125e-06 s
2023-06-19 18:23:56,331 - __main__ - INFO - Elapsed time for categorize_polarity: 0.0 s
2023-06-19 18:23:56,331 - __main__ - INFO - Elapsed time for categorize_polarity: 0.0 s
2023-06-19 18:23:56,331 - __main__ - INFO - Elapsed time for categorize_polarity: 0.0 s
2023-06-19 18:23:56,331 - __main__ - INFO - Elapsed time for categorize_polarity: 0.0 s
2023-06-19 18:23:56,331 - __main__ - INFO - Elapsed time for categorize_polarity: 0.0 s
2023-06-19 18:23:56,331 - __main__ - INFO - Elapsed time for categorize_polarity: 0.0 s
2023-06-19 18:23:56,331 - __main__ - INFO - Elapsed time for categorize_polarity: 7.152557373046875e-07 s
2023-06-19 18:23:56,331 - __main__ - INFO - Elapsed time for categorize_polarity: 0.0 s
2023-06-19 18:23:56,331 - __main__ - INFO - Elapsed time for categorize_polarity: 0.0 s
2023-06-19 18:23:56,332 - __main__ - INFO - Elapsed time for categorize_polarity: 0.0 s
2023-06-19 18:23:56,332 - __main__ - INFO - Elapsed time for categorize_polarity: 0.0 s
2023-06-19 18:23:56,332 - __main__ - INFO - Elapsed time for analyze_sentiment: 0.23169612884521484 s
2023-06-19 18:23:56,375 - __main__ - INFO - Elapsed time for extract_relevant_words: 0.04231882095336914 s
2023-06-19 18:24:15,850 - __main__ - INFO - Elapsed time for translate_headlines: 19.475538969039917 s
2023-06-19 18:24:15,858 - __main__ - INFO - Elapsed time for save_data: 0.007400989532470703 s
2023-06-19 18:24:15,876 - __main__ - INFO - Elapsed time for save_data: 0.017462968826293945 s
2023-06-19 18:24:15,885 - __main__ - INFO - Elapsed time for load_data: 0.009137153625488281 s
2023-06-19 18:24:15,887 - __main__ - ERROR - An error occurred when connecting to Google Cloud SQL: name 'sqlalchemy' is not defined
2023-06-19 18:24:15,887 - __main__ - INFO - Elapsed time for connect_with_connector: 0.0017390251159667969 s
2023-06-19 18:24:15,893 - __main__ - ERROR - An error occurred when loading data into Google Cloud SQL: 'NoneType' object has no attribute '_run_ddl_visitor'
2023-06-19 18:24:15,894 - __main__ - INFO - Elapsed time for load_data_to_gcloud_sql: 0.00666499137878418 s
2023-06-19 18:24:15,894 - __main__ - INFO - ETL finished successfully
2023-06-19 18:26:29,804 - __main__ - INFO - Elapsed time for scrape_financial_news_from_cnbc: 12.609628915786743 s
2023-06-19 18:26:33,651 - __main__ - INFO - Elapsed time for get_stock_prices_alphaVantage_api: 3.846449851989746 s
2023-06-19 18:26:33,893 - __main__ - INFO - Elapsed time for categorize_polarity: 2.1457672119140625e-06 s
2023-06-19 18:26:33,893 - __main__ - INFO - Elapsed time for categorize_polarity: 9.5367431640625e-07 s
2023-06-19 18:26:33,893 - __main__ - INFO - Elapsed time for categorize_polarity: 0.0 s
2023-06-19 18:26:33,893 - __main__ - INFO - Elapsed time for categorize_polarity: 0.0 s
2023-06-19 18:26:33,893 - __main__ - INFO - Elapsed time for categorize_polarity: 0.0 s
2023-06-19 18:26:33,893 - __main__ - INFO - Elapsed time for categorize_polarity: 0.0 s
2023-06-19 18:26:33,893 - __main__ - INFO - Elapsed time for categorize_polarity: 9.5367431640625e-07 s
2023-06-19 18:26:33,893 - __main__ - INFO - Elapsed time for categorize_polarity: 9.5367431640625e-07 s
2023-06-19 18:26:33,893 - __main__ - INFO - Elapsed time for categorize_polarity: 0.0 s
2023-06-19 18:26:33,894 - __main__ - INFO - Elapsed time for categorize_polarity: 0.0 s
2023-06-19 18:26:33,894 - __main__ - INFO - Elapsed time for categorize_polarity: 1.1920928955078125e-06 s
2023-06-19 18:26:33,894 - __main__ - INFO - Elapsed time for categorize_polarity: 1.1920928955078125e-06 s
2023-06-19 18:26:33,894 - __main__ - INFO - Elapsed time for categorize_polarity: 9.5367431640625e-07 s
2023-06-19 18:26:33,894 - __main__ - INFO - Elapsed time for categorize_polarity: 9.5367431640625e-07 s
2023-06-19 18:26:33,894 - __main__ - INFO - Elapsed time for categorize_polarity: 9.5367431640625e-07 s
2023-06-19 18:26:33,894 - __main__ - INFO - Elapsed time for categorize_polarity: 0.0 s
2023-06-19 18:26:33,894 - __main__ - INFO - Elapsed time for categorize_polarity: 0.0 s
2023-06-19 18:26:33,894 - __main__ - INFO - Elapsed time for categorize_polarity: 0.0 s
2023-06-19 18:26:33,894 - __main__ - INFO - Elapsed time for categorize_polarity: 0.0 s
2023-06-19 18:26:33,894 - __main__ - INFO - Elapsed time for categorize_polarity: 0.0 s
2023-06-19 18:26:33,894 - __main__ - INFO - Elapsed time for categorize_polarity: 0.0 s
2023-06-19 18:26:33,894 - __main__ - INFO - Elapsed time for categorize_polarity: 9.5367431640625e-07 s
2023-06-19 18:26:33,894 - __main__ - INFO - Elapsed time for categorize_polarity: 0.0 s
2023-06-19 18:26:33,894 - __main__ - INFO - Elapsed time for categorize_polarity: 0.0 s
2023-06-19 18:26:33,894 - __main__ - INFO - Elapsed time for categorize_polarity: 0.0 s
2023-06-19 18:26:33,894 - __main__ - INFO - Elapsed time for categorize_polarity: 0.0 s
2023-06-19 18:26:33,894 - __main__ - INFO - Elapsed time for categorize_polarity: 0.0 s
2023-06-19 18:26:33,894 - __main__ - INFO - Elapsed time for categorize_polarity: 0.0 s
2023-06-19 18:26:33,894 - __main__ - INFO - Elapsed time for categorize_polarity: 0.0 s
2023-06-19 18:26:33,894 - __main__ - INFO - Elapsed time for categorize_polarity: 0.0 s
2023-06-19 18:26:33,894 - __main__ - INFO - Elapsed time for categorize_polarity: 0.0 s
2023-06-19 18:26:33,894 - __main__ - INFO - Elapsed time for categorize_polarity: 0.0 s
2023-06-19 18:26:33,894 - __main__ - INFO - Elapsed time for categorize_polarity: 0.0 s
2023-06-19 18:26:33,894 - __main__ - INFO - Elapsed time for categorize_polarity: 9.5367431640625e-07 s
2023-06-19 18:26:33,894 - __main__ - INFO - Elapsed time for categorize_polarity: 0.0 s
2023-06-19 18:26:33,894 - __main__ - INFO - Elapsed time for categorize_polarity: 0.0 s
2023-06-19 18:26:33,894 - __main__ - INFO - Elapsed time for categorize_polarity: 0.0 s
2023-06-19 18:26:33,895 - __main__ - INFO - Elapsed time for categorize_polarity: 0.0 s
2023-06-19 18:26:33,895 - __main__ - INFO - Elapsed time for categorize_polarity: 0.0 s
2023-06-19 18:26:33,895 - __main__ - INFO - Elapsed time for categorize_polarity: 0.0 s
2023-06-19 18:26:33,895 - __main__ - INFO - Elapsed time for categorize_polarity: 9.5367431640625e-07 s
2023-06-19 18:26:33,895 - __main__ - INFO - Elapsed time for categorize_polarity: 0.0 s
2023-06-19 18:26:33,895 - __main__ - INFO - Elapsed time for categorize_polarity: 0.0 s
2023-06-19 18:26:33,895 - __main__ - INFO - Elapsed time for categorize_polarity: 0.0 s
2023-06-19 18:26:33,895 - __main__ - INFO - Elapsed time for categorize_polarity: 9.5367431640625e-07 s
2023-06-19 18:26:33,895 - __main__ - INFO - Elapsed time for categorize_polarity: 0.0 s
2023-06-19 18:26:33,895 - __main__ - INFO - Elapsed time for categorize_polarity: 0.0 s
2023-06-19 18:26:33,895 - __main__ - INFO - Elapsed time for categorize_polarity: 0.0 s
2023-06-19 18:26:33,895 - __main__ - INFO - Elapsed time for categorize_polarity: 0.0 s
2023-06-19 18:26:33,895 - __main__ - INFO - Elapsed time for categorize_polarity: 0.0 s
2023-06-19 18:26:33,895 - __main__ - INFO - Elapsed time for categorize_polarity: 1.1920928955078125e-06 s
2023-06-19 18:26:33,895 - __main__ - INFO - Elapsed time for categorize_polarity: 0.0 s
2023-06-19 18:26:33,895 - __main__ - INFO - Elapsed time for categorize_polarity: 0.0 s
2023-06-19 18:26:33,895 - __main__ - INFO - Elapsed time for categorize_polarity: 0.0 s
2023-06-19 18:26:33,895 - __main__ - INFO - Elapsed time for categorize_polarity: 0.0 s
2023-06-19 18:26:33,895 - __main__ - INFO - Elapsed time for categorize_polarity: 0.0 s
2023-06-19 18:26:33,895 - __main__ - INFO - Elapsed time for categorize_polarity: 0.0 s
2023-06-19 18:26:33,895 - __main__ - INFO - Elapsed time for categorize_polarity: 0.0 s
2023-06-19 18:26:33,895 - __main__ - INFO - Elapsed time for categorize_polarity: 9.5367431640625e-07 s
2023-06-19 18:26:33,895 - __main__ - INFO - Elapsed time for categorize_polarity: 0.0 s
2023-06-19 18:26:33,895 - __main__ - INFO - Elapsed time for categorize_polarity: 0.0 s
2023-06-19 18:26:33,895 - __main__ - INFO - Elapsed time for categorize_polarity: 0.0 s
2023-06-19 18:26:33,895 - __main__ - INFO - Elapsed time for categorize_polarity: 1.1920928955078125e-06 s
2023-06-19 18:26:33,896 - __main__ - INFO - Elapsed time for analyze_sentiment: 0.2446589469909668 s
2023-06-19 18:26:33,936 - __main__ - INFO - Elapsed time for extract_relevant_words: 0.03983497619628906 s
2023-06-19 18:26:50,856 - __main__ - INFO - Elapsed time for translate_headlines: 16.920042037963867 s
2023-06-19 18:26:50,867 - __main__ - INFO - Elapsed time for save_data: 0.01003122329711914 s
2023-06-19 18:26:50,887 - __main__ - INFO - Elapsed time for save_data: 0.019603967666625977 s
2023-06-19 18:26:50,898 - __main__ - INFO - Elapsed time for load_data: 0.010331869125366211 s
2023-06-19 18:26:50,943 - __main__ - INFO - Elapsed time for connect_with_connector: 0.04495120048522949 s
2023-06-19 18:26:50,943 - __main__ - ERROR - An error occurred when loading data into Google Cloud SQL: name 'MetaData' is not defined
2023-06-19 18:26:50,943 - __main__ - INFO - Elapsed time for load_data_to_gcloud_sql: 7.295608520507812e-05 s
2023-06-19 18:26:50,943 - __main__ - INFO - ETL finished successfully
2023-06-19 18:28:11,275 - __main__ - INFO - Elapsed time for scrape_financial_news_from_cnbc: 12.212693929672241 s
2023-06-19 18:28:15,198 - __main__ - INFO - Elapsed time for get_stock_prices_alphaVantage_api: 3.922877311706543 s
2023-06-19 18:28:15,412 - __main__ - INFO - Elapsed time for categorize_polarity: 2.1457672119140625e-06 s
2023-06-19 18:28:15,412 - __main__ - INFO - Elapsed time for categorize_polarity: 0.0 s
2023-06-19 18:28:15,413 - __main__ - INFO - Elapsed time for categorize_polarity: 0.0 s
2023-06-19 18:28:15,413 - __main__ - INFO - Elapsed time for categorize_polarity: 9.5367431640625e-07 s
2023-06-19 18:28:15,413 - __main__ - INFO - Elapsed time for categorize_polarity: 0.0 s
2023-06-19 18:28:15,413 - __main__ - INFO - Elapsed time for categorize_polarity: 9.5367431640625e-07 s
2023-06-19 18:28:15,413 - __main__ - INFO - Elapsed time for categorize_polarity: 0.0 s
2023-06-19 18:28:15,413 - __main__ - INFO - Elapsed time for categorize_polarity: 9.5367431640625e-07 s
2023-06-19 18:28:15,413 - __main__ - INFO - Elapsed time for categorize_polarity: 0.0 s
2023-06-19 18:28:15,413 - __main__ - INFO - Elapsed time for categorize_polarity: 0.0 s
2023-06-19 18:28:15,413 - __main__ - INFO - Elapsed time for categorize_polarity: 0.0 s
2023-06-19 18:28:15,413 - __main__ - INFO - Elapsed time for categorize_polarity: 0.0 s
2023-06-19 18:28:15,413 - __main__ - INFO - Elapsed time for categorize_polarity: 9.5367431640625e-07 s
2023-06-19 18:28:15,413 - __main__ - INFO - Elapsed time for categorize_polarity: 0.0 s
2023-06-19 18:28:15,413 - __main__ - INFO - Elapsed time for categorize_polarity: 0.0 s
2023-06-19 18:28:15,413 - __main__ - INFO - Elapsed time for categorize_polarity: 0.0 s
2023-06-19 18:28:15,413 - __main__ - INFO - Elapsed time for categorize_polarity: 0.0 s
2023-06-19 18:28:15,413 - __main__ - INFO - Elapsed time for categorize_polarity: 0.0 s
2023-06-19 18:28:15,413 - __main__ - INFO - Elapsed time for categorize_polarity: 0.0 s
2023-06-19 18:28:15,413 - __main__ - INFO - Elapsed time for categorize_polarity: 0.0 s
2023-06-19 18:28:15,413 - __main__ - INFO - Elapsed time for categorize_polarity: 0.0 s
2023-06-19 18:28:15,413 - __main__ - INFO - Elapsed time for categorize_polarity: 0.0 s
2023-06-19 18:28:15,413 - __main__ - INFO - Elapsed time for categorize_polarity: 0.0 s
2023-06-19 18:28:15,413 - __main__ - INFO - Elapsed time for categorize_polarity: 9.5367431640625e-07 s
2023-06-19 18:28:15,413 - __main__ - INFO - Elapsed time for categorize_polarity: 0.0 s
2023-06-19 18:28:15,413 - __main__ - INFO - Elapsed time for categorize_polarity: 0.0 s
2023-06-19 18:28:15,413 - __main__ - INFO - Elapsed time for categorize_polarity: 0.0 s
2023-06-19 18:28:15,413 - __main__ - INFO - Elapsed time for categorize_polarity: 9.5367431640625e-07 s
2023-06-19 18:28:15,413 - __main__ - INFO - Elapsed time for categorize_polarity: 0.0 s
2023-06-19 18:28:15,413 - __main__ - INFO - Elapsed time for categorize_polarity: 0.0 s
2023-06-19 18:28:15,413 - __main__ - INFO - Elapsed time for categorize_polarity: 9.5367431640625e-07 s
2023-06-19 18:28:15,413 - __main__ - INFO - Elapsed time for categorize_polarity: 0.0 s
2023-06-19 18:28:15,414 - __main__ - INFO - Elapsed time for categorize_polarity: 0.0 s
2023-06-19 18:28:15,414 - __main__ - INFO - Elapsed time for categorize_polarity: 0.0 s
2023-06-19 18:28:15,414 - __main__ - INFO - Elapsed time for categorize_polarity: 3.0994415283203125e-06 s
2023-06-19 18:28:15,414 - __main__ - INFO - Elapsed time for categorize_polarity: 9.5367431640625e-07 s
2023-06-19 18:28:15,414 - __main__ - INFO - Elapsed time for categorize_polarity: 0.0 s
2023-06-19 18:28:15,414 - __main__ - INFO - Elapsed time for categorize_polarity: 0.0 s
2023-06-19 18:28:15,414 - __main__ - INFO - Elapsed time for categorize_polarity: 1.1920928955078125e-06 s
2023-06-19 18:28:15,414 - __main__ - INFO - Elapsed time for categorize_polarity: 9.5367431640625e-07 s
2023-06-19 18:28:15,414 - __main__ - INFO - Elapsed time for categorize_polarity: 0.0 s
2023-06-19 18:28:15,414 - __main__ - INFO - Elapsed time for categorize_polarity: 0.0 s
2023-06-19 18:28:15,414 - __main__ - INFO - Elapsed time for categorize_polarity: 1.1920928955078125e-06 s
2023-06-19 18:28:15,414 - __main__ - INFO - Elapsed time for categorize_polarity: 0.0 s
2023-06-19 18:28:15,414 - __main__ - INFO - Elapsed time for categorize_polarity: 0.0 s
2023-06-19 18:28:15,414 - __main__ - INFO - Elapsed time for categorize_polarity: 0.0 s
2023-06-19 18:28:15,414 - __main__ - INFO - Elapsed time for categorize_polarity: 0.0 s
2023-06-19 18:28:15,414 - __main__ - INFO - Elapsed time for categorize_polarity: 0.0 s
2023-06-19 18:28:15,414 - __main__ - INFO - Elapsed time for categorize_polarity: 0.0 s
2023-06-19 18:28:15,414 - __main__ - INFO - Elapsed time for categorize_polarity: 0.0 s
2023-06-19 18:28:15,414 - __main__ - INFO - Elapsed time for categorize_polarity: 0.0 s
2023-06-19 18:28:15,414 - __main__ - INFO - Elapsed time for categorize_polarity: 0.0 s
2023-06-19 18:28:15,414 - __main__ - INFO - Elapsed time for categorize_polarity: 9.5367431640625e-07 s
2023-06-19 18:28:15,414 - __main__ - INFO - Elapsed time for categorize_polarity: 0.0 s
2023-06-19 18:28:15,415 - __main__ - INFO - Elapsed time for categorize_polarity: 0.0 s
2023-06-19 18:28:15,415 - __main__ - INFO - Elapsed time for categorize_polarity: 0.0 s
2023-06-19 18:28:15,415 - __main__ - INFO - Elapsed time for categorize_polarity: 0.0 s
2023-06-19 18:28:15,415 - __main__ - INFO - Elapsed time for categorize_polarity: 0.0 s
2023-06-19 18:28:15,415 - __main__ - INFO - Elapsed time for categorize_polarity: 0.0 s
2023-06-19 18:28:15,415 - __main__ - INFO - Elapsed time for categorize_polarity: 0.0 s
2023-06-19 18:28:15,415 - __main__ - INFO - Elapsed time for categorize_polarity: 0.0 s
2023-06-19 18:28:15,415 - __main__ - INFO - Elapsed time for categorize_polarity: 1.1920928955078125e-06 s
2023-06-19 18:28:15,415 - __main__ - INFO - Elapsed time for categorize_polarity: 0.0 s
2023-06-19 18:28:15,415 - __main__ - INFO - Elapsed time for analyze_sentiment: 0.21701717376708984 s
2023-06-19 18:28:15,458 - __main__ - INFO - Elapsed time for extract_relevant_words: 0.04242706298828125 s
2023-06-19 18:28:31,380 - __main__ - INFO - Elapsed time for translate_headlines: 15.92231011390686 s
2023-06-19 18:28:31,389 - __main__ - INFO - Elapsed time for save_data: 0.008256196975708008 s
2023-06-19 18:28:31,408 - __main__ - INFO - Elapsed time for save_data: 0.018896102905273438 s
2023-06-19 18:28:31,418 - __main__ - INFO - Elapsed time for load_data: 0.009429216384887695 s
2023-06-19 18:28:31,456 - __main__ - INFO - Elapsed time for connect_with_connector: 0.03754115104675293 s
2023-06-19 18:28:31,527 - __main__ - ERROR - An error occurred when loading data into Google Cloud SQL: 'NoneType' object has no attribute 'split'
2023-06-19 18:28:31,527 - __main__ - INFO - Elapsed time for load_data_to_gcloud_sql: 0.07151174545288086 s
2023-06-19 18:28:31,527 - __main__ - INFO - ETL finished successfully
2023-06-19 18:42:02,435 - __main__ - INFO - Elapsed time for scrape_financial_news_from_cnbc: 11.451349020004272 s
2023-06-19 18:42:09,936 - __main__ - ERROR - An error occurred in main: module 'httpx' has no attribute 'HTTPStatusError'
2023-06-19 18:42:09,950 - __main__ - INFO - ETL finished successfully
